<?xml version="1.0" encoding="UTF-8"?>
<testsuite name="org.ajoberstar.grgit.gradle.BaseCompatTest" tests="3" skipped="0" failures="0" errors="0" timestamp="2018-04-27T04:19:05" hostname="HP-OfficeJet-Pro-8720.local" time="9.282">
  <properties/>
  <testcase name="with no repo, plugin sets grgit to null" classname="org.ajoberstar.grgit.gradle.BaseCompatTest" time="7.848"/>
  <testcase name="with repo, plugin opens the repo as grgit" classname="org.ajoberstar.grgit.gradle.BaseCompatTest" time="1.188"/>
  <testcase name="with repo, plugin closes the repo after build is finished" classname="org.ajoberstar.grgit.gradle.BaseCompatTest" time="0.245"/>
  <system-out><![CDATA[No git repository found for :. Accessing grgit will cause an NPE.
:doStuff

BUILD SUCCESSFUL

Total time: 5.388 secs
1.0.0
The client will now receive all logging from the daemon (pid: 98443). The daemon log file: /var/folders/yr/543vxp0d2pj84mhjhwjyf7p80000gn/T/.gradle-test-kit-andreakosta/test-kit-daemon/3.4/daemon-98443.out.log
Starting 3rd build in daemon [uptime: 5.914 secs, performance: 99%, no major garbage collections]
Closing daemon's stdin at end of input.
The daemon will no longer process any standard input.
Executing build with daemon context: DefaultDaemonContext[uid=f55353f8-0c43-49f5-b59d-93d381f53f87,javaHome=/Library/Java/JavaVirtualMachines/jdk1.8.0_60.jdk/Contents/Home,daemonRegistryDir=/var/folders/yr/543vxp0d2pj84mhjhwjyf7p80000gn/T/.gradle-test-kit-andreakosta/test-kit-daemon,pid=98443,idleTimeout=120000,daemonOpts=-XX:MaxPermSize=256m,-XX:+HeapDumpOnOutOfMemoryError,-Xmx1024m,-Dfile.encoding=UTF-8,-Duser.country=US,-Duser.language=en,-Duser.variant]
Creating new cache for plugin-use-metadata, path /private/var/folders/yr/543vxp0d2pj84mhjhwjyf7p80000gn/T/.gradle-test-kit-andreakosta/caches/3.4/plugin-resolution/plugin-use-metadata.bin, access org.gradle.cache.internal.DefaultCacheAccess@308d21b0
Creating new cache for client-status, path /private/var/folders/yr/543vxp0d2pj84mhjhwjyf7p80000gn/T/.gradle-test-kit-andreakosta/caches/3.4/plugin-resolution/client-status.bin, access org.gradle.cache.internal.DefaultCacheAccess@308d21b0
Starting Build
Settings evaluated using settings file '/private/var/folders/yr/543vxp0d2pj84mhjhwjyf7p80000gn/T/junit3752298059898227899/project/settings.gradle'.
Projects loaded. Root project using build file '/private/var/folders/yr/543vxp0d2pj84mhjhwjyf7p80000gn/T/junit3752298059898227899/project/build.gradle'.
Included projects: [root project 'project']
Evaluating root project 'project' using build file '/private/var/folders/yr/543vxp0d2pj84mhjhwjyf7p80000gn/T/junit3752298059898227899/project/build.gradle'.
All projects evaluated.
Using 8 worker leases.
Selected primary task 'doStuff' from project :
Tasks to be executed: [task ':doStuff']
Creating new cache for fileHashes, path /private/var/folders/yr/543vxp0d2pj84mhjhwjyf7p80000gn/T/junit3752298059898227899/project/.gradle/3.4/taskHistory/fileHashes.bin, access org.gradle.cache.internal.DefaultCacheAccess@14a42eaa
Creating new cache for jvmClassSignatures, path /private/var/folders/yr/543vxp0d2pj84mhjhwjyf7p80000gn/T/junit3752298059898227899/project/.gradle/3.4/taskHistory/jvmClassSignatures.bin, access org.gradle.cache.internal.DefaultCacheAccess@14a42eaa
Creating new cache for fileSnapshots, path /private/var/folders/yr/543vxp0d2pj84mhjhwjyf7p80000gn/T/junit3752298059898227899/project/.gradle/3.4/taskHistory/fileSnapshots.bin, access org.gradle.cache.internal.DefaultCacheAccess@14a42eaa
Creating new cache for taskHistory, path /private/var/folders/yr/543vxp0d2pj84mhjhwjyf7p80000gn/T/junit3752298059898227899/project/.gradle/3.4/taskHistory/taskHistory.bin, access org.gradle.cache.internal.DefaultCacheAccess@14a42eaa
:doStuff (Thread[Daemon worker,5,main]) started.
:doStuff
Putting task artifact state for task ':doStuff' into context took 0.0 secs.
Executing task ':doStuff' (up-to-date check took 0.0 secs) due to:
  Task has not declared any outputs.
1.0.0
:doStuff (Thread[Daemon worker,5,main]) completed. Took 0.011 secs.

BUILD SUCCESSFUL

Total time: 0.124 secs
Closing Git repo: /private/var/folders/yr/543vxp0d2pj84mhjhwjyf7p80000gn/T/junit3752298059898227899/project/.git
]]></system-out>
  <system-err><![CDATA[]]></system-err>
</testsuite>
