<?xml version="1.0" encoding="UTF-8"?>
<testsuite name="org.ajoberstar.grgit.gradle.BaseCompatTest" tests="3" skipped="0" failures="0" errors="0" timestamp="2018-04-27T04:18:44" hostname="HP-OfficeJet-Pro-8720.local" time="9.165">
  <properties/>
  <testcase name="with no repo, plugin sets grgit to null" classname="org.ajoberstar.grgit.gradle.BaseCompatTest" time="7.742"/>
  <testcase name="with repo, plugin opens the repo as grgit" classname="org.ajoberstar.grgit.gradle.BaseCompatTest" time="1.153"/>
  <testcase name="with repo, plugin closes the repo after build is finished" classname="org.ajoberstar.grgit.gradle.BaseCompatTest" time="0.27"/>
  <system-out><![CDATA[No git repository found for :. Accessing grgit will cause an NPE.
:doStuff

BUILD SUCCESSFUL

Total time: 5.368 secs
1.0.0
The client will now receive all logging from the daemon (pid: 98415). The daemon log file: /var/folders/yr/543vxp0d2pj84mhjhwjyf7p80000gn/T/.gradle-test-kit-andreakosta/test-kit-daemon/3.2.1/daemon-98415.out.log
Starting 3rd build in daemon [uptime: 5.903 secs, performance: 99%, no major garbage collections]
Closing daemon's stdin at end of input.
The daemon will no longer process any standard input.
Executing build with daemon context: DefaultDaemonContext[uid=bf793e2c-3012-4384-ab53-7e04706a5b0a,javaHome=/Library/Java/JavaVirtualMachines/jdk1.8.0_60.jdk/Contents/Home,daemonRegistryDir=/var/folders/yr/543vxp0d2pj84mhjhwjyf7p80000gn/T/.gradle-test-kit-andreakosta/test-kit-daemon,pid=98415,idleTimeout=120000,daemonOpts=-XX:MaxPermSize=256m,-XX:+HeapDumpOnOutOfMemoryError,-Xmx1024m,-Dfile.encoding=UTF-8,-Duser.country=US,-Duser.language=en,-Duser.variant]
Starting Build
Settings evaluated using settings file '/private/var/folders/yr/543vxp0d2pj84mhjhwjyf7p80000gn/T/junit1953697853634305601/project/settings.gradle'.
Projects loaded. Root project using build file '/private/var/folders/yr/543vxp0d2pj84mhjhwjyf7p80000gn/T/junit1953697853634305601/project/build.gradle'.
Included projects: [root project 'project']
Evaluating root project 'project' using build file '/private/var/folders/yr/543vxp0d2pj84mhjhwjyf7p80000gn/T/junit1953697853634305601/project/build.gradle'.
All projects evaluated.
Selected primary task 'doStuff' from project :
Tasks to be executed: [task ':doStuff']
:doStuff (Thread[Daemon worker,5,main]) started.
:doStuff
Putting task artifact state for task ':doStuff' into context took 0.0 secs.
Executing task ':doStuff' (up-to-date check took 0.0 secs) due to:
  Task has not declared any outputs.
1.0.0
:doStuff (Thread[Daemon worker,5,main]) completed. Took 0.015 secs.

BUILD SUCCESSFUL

Total time: 0.146 secs
Closing Git repo: /private/var/folders/yr/543vxp0d2pj84mhjhwjyf7p80000gn/T/junit1953697853634305601/project/.git
]]></system-out>
  <system-err><![CDATA[]]></system-err>
</testsuite>
