<?xml version="1.0" encoding="UTF-8"?>
<testsuite name="org.ajoberstar.grgit.gradle.BaseCompatTest" tests="3" skipped="0" failures="0" errors="0" timestamp="2018-04-27T04:21:26" hostname="HP-OfficeJet-Pro-8720.local" time="8.957">
  <properties/>
  <testcase name="with no repo, plugin sets grgit to null" classname="org.ajoberstar.grgit.gradle.BaseCompatTest" time="7.644"/>
  <testcase name="with repo, plugin opens the repo as grgit" classname="org.ajoberstar.grgit.gradle.BaseCompatTest" time="1.067"/>
  <testcase name="with repo, plugin closes the repo after build is finished" classname="org.ajoberstar.grgit.gradle.BaseCompatTest" time="0.245"/>
  <system-out><![CDATA[No git repository found for :. Accessing grgit will cause an NPE.
:doStuff

BUILD SUCCESSFUL in 5s
1 actionable task: 1 executed
1.0.0
The client will now receive all logging from the daemon (pid: 98634). The daemon log file: /var/folders/yr/543vxp0d2pj84mhjhwjyf7p80000gn/T/.gradle-test-kit-andreakosta/test-kit-daemon/4.4.1/daemon-98634.out.log
Starting 3rd build in daemon [uptime: 5.486 secs, performance: 99%, no major garbage collections]
Closing daemon's stdin at end of input.
The daemon will no longer process any standard input.
Using 8 worker leases.
Creating new cache for fileHashes, path /private/var/folders/yr/543vxp0d2pj84mhjhwjyf7p80000gn/T/junit2277103347816269759/project/.gradle/4.4.1/fileHashes/fileHashes.bin, access org.gradle.cache.internal.DefaultCacheAccess@50e26ed6
Starting Build
Settings evaluated using settings file '/private/var/folders/yr/543vxp0d2pj84mhjhwjyf7p80000gn/T/junit2277103347816269759/project/settings.gradle'.
Projects loaded. Root project using build file '/private/var/folders/yr/543vxp0d2pj84mhjhwjyf7p80000gn/T/junit2277103347816269759/project/build.gradle'.
Included projects: [root project 'project']
Evaluating root project 'project' using build file '/private/var/folders/yr/543vxp0d2pj84mhjhwjyf7p80000gn/T/junit2277103347816269759/project/build.gradle'.
All projects evaluated.
Selected primary task 'doStuff' from project :
Tasks to be executed: [task ':doStuff']
Creating new cache for resourceHashesCache, path /private/var/folders/yr/543vxp0d2pj84mhjhwjyf7p80000gn/T/junit2277103347816269759/project/.gradle/4.4.1/fileHashes/resourceHashesCache.bin, access org.gradle.cache.internal.DefaultCacheAccess@50e26ed6
Creating new cache for taskHistory, path /private/var/folders/yr/543vxp0d2pj84mhjhwjyf7p80000gn/T/junit2277103347816269759/project/.gradle/4.4.1/taskHistory/taskHistory.bin, access org.gradle.cache.internal.DefaultCacheAccess@1410a690
Creating new cache for outputFiles, path /private/var/folders/yr/543vxp0d2pj84mhjhwjyf7p80000gn/T/junit2277103347816269759/project/.gradle/buildOutputCleanup/outputFiles.bin, access org.gradle.cache.internal.DefaultCacheAccess@373cc473
:doStuff (Thread[Task worker for ':',5,main]) started.
:doStuff
Putting task artifact state for task ':doStuff' into context took 0.0 secs.
Up-to-date check for task ':doStuff' took 0.0 secs. It is not up-to-date because:
  Task has not declared any outputs.
1.0.0
:doStuff (Thread[Task worker for ':',5,main]) completed. Took 0.012 secs.

BUILD SUCCESSFUL in 0s
1 actionable task: 1 executed
Closing Git repo: /private/var/folders/yr/543vxp0d2pj84mhjhwjyf7p80000gn/T/junit2277103347816269759/project/.git
]]></system-out>
  <system-err><![CDATA[]]></system-err>
</testsuite>
